<?xml version="1.0" encoding="UTF-8"?>
<!-- Generated by org.testng.reporters.JUnitReportReporter -->
<testsuite hostname="DESKTOP-6N2FK7G" name="Academy.BaseElement" tests="4" failures="0" timestamp="29 Jan 2023 16:46:52 GMT" time="40.389" errors="0">
  <testcase name="InvalidPassword" time="17.482" classname="Academy.BaseElement"/>
  <testcase name="Timer" time="3.400" classname="Academy.BaseElement"/>
  <testcase name="ValidPassword" time="12.490" classname="Academy.BaseElement"/>
  <testcase name="Helpform" time="7.017" classname="Academy.BaseElement"/>
</testsuite> <!-- Academy.BaseElement -->
